/n/holylfs05/LABS/arguelles_delgado_lab/Everyone/jbook/atmospheric_HNL/get_hnl_integrals.py:128: RuntimeWarning: overflow encountered in double_scalars
  E = 10**logE
/n/holylfs05/LABS/arguelles_delgado_lab/Everyone/jbook/atmospheric_HNL/get_hnl_integrals.py:135: RuntimeWarning: invalid value encountered in double_scalars
  return nutau_flux(E, cos_zenith)*survival_prob*consts*A*jacobian
/n/holylfs05/LABS/arguelles_delgado_lab/Everyone/jbook/atmospheric_HNL/get_hnl_integrals.py:128: RuntimeWarning: overflow encountered in double_scalars
  E = 10**logE
/n/holylfs05/LABS/arguelles_delgado_lab/Everyone/jbook/atmospheric_HNL/get_hnl_integrals.py:128: RuntimeWarning: overflow encountered in double_scalars
  E = 10**logE
/n/holylfs05/LABS/arguelles_delgado_lab/Everyone/jbook/atmospheric_HNL/get_hnl_integrals.py:135: RuntimeWarning: invalid value encountered in double_scalars
  return nutau_flux(E, cos_zenith)*survival_prob*consts*A*jacobian
/n/holylfs05/LABS/arguelles_delgado_lab/Everyone/jbook/atmospheric_HNL/get_hnl_integrals.py:128: RuntimeWarning: overflow encountered in double_scalars
  E = 10**logE
/n/holylfs05/LABS/arguelles_delgado_lab/Everyone/jbook/atmospheric_HNL/get_hnl_integrals.py:128: RuntimeWarning: overflow encountered in double_scalars
  E = 10**logE
/n/holylfs05/LABS/arguelles_delgado_lab/Everyone/jbook/atmospheric_HNL/get_hnl_integrals.py:135: RuntimeWarning: invalid value encountered in double_scalars
  return nutau_flux(E, cos_zenith)*survival_prob*consts*A*jacobian
/n/holylfs05/LABS/arguelles_delgado_lab/Everyone/jbook/atmospheric_HNL/get_hnl_integrals.py:128: RuntimeWarning: overflow encountered in double_scalars
  E = 10**logE
/n/holylfs05/LABS/arguelles_delgado_lab/Everyone/jbook/atmospheric_HNL/get_hnl_integrals.py:128: RuntimeWarning: overflow encountered in double_scalars
  E = 10**logE
/n/holylfs05/LABS/arguelles_delgado_lab/Everyone/jbook/atmospheric_HNL/get_hnl_integrals.py:135: RuntimeWarning: invalid value encountered in double_scalars
  return nutau_flux(E, cos_zenith)*survival_prob*consts*A*jacobian
/n/holylfs05/LABS/arguelles_delgado_lab/Everyone/jbook/atmospheric_HNL/get_hnl_integrals.py:128: RuntimeWarning: overflow encountered in double_scalars
  E = 10**logE
/n/holylfs05/LABS/arguelles_delgado_lab/Everyone/jbook/atmospheric_HNL/get_hnl_integrals.py:128: RuntimeWarning: overflow encountered in double_scalars
  E = 10**logE
/n/holylfs05/LABS/arguelles_delgado_lab/Everyone/jbook/atmospheric_HNL/get_hnl_integrals.py:135: RuntimeWarning: invalid value encountered in double_scalars
  return nutau_flux(E, cos_zenith)*survival_prob*consts*A*jacobian
/n/holylfs05/LABS/arguelles_delgado_lab/Everyone/jbook/atmospheric_HNL/get_hnl_integrals.py:128: RuntimeWarning: overflow encountered in double_scalars
  E = 10**logE
/n/holylfs05/LABS/arguelles_delgado_lab/Everyone/jbook/atmospheric_HNL/get_hnl_integrals.py:128: RuntimeWarning: overflow encountered in double_scalars
  E = 10**logE
/n/holylfs05/LABS/arguelles_delgado_lab/Everyone/jbook/atmospheric_HNL/get_hnl_integrals.py:135: RuntimeWarning: invalid value encountered in double_scalars
  return nutau_flux(E, cos_zenith)*survival_prob*consts*A*jacobian
/n/holylfs05/LABS/arguelles_delgado_lab/Everyone/jbook/atmospheric_HNL/get_hnl_integrals.py:128: RuntimeWarning: overflow encountered in double_scalars
  E = 10**logE
/n/holylfs05/LABS/arguelles_delgado_lab/Everyone/jbook/atmospheric_HNL/get_hnl_integrals.py:128: RuntimeWarning: overflow encountered in double_scalars
  E = 10**logE
/n/holylfs05/LABS/arguelles_delgado_lab/Everyone/jbook/atmospheric_HNL/get_hnl_integrals.py:135: RuntimeWarning: invalid value encountered in double_scalars
  return nutau_flux(E, cos_zenith)*survival_prob*consts*A*jacobian
/n/holylfs05/LABS/arguelles_delgado_lab/Everyone/jbook/atmospheric_HNL/get_hnl_integrals.py:128: RuntimeWarning: overflow encountered in double_scalars
  E = 10**logE
/n/holylfs05/LABS/arguelles_delgado_lab/Everyone/jbook/atmospheric_HNL/get_hnl_integrals.py:128: RuntimeWarning: overflow encountered in double_scalars
  E = 10**logE
/n/holylfs05/LABS/arguelles_delgado_lab/Everyone/jbook/atmospheric_HNL/get_hnl_integrals.py:135: RuntimeWarning: invalid value encountered in double_scalars
  return nutau_flux(E, cos_zenith)*survival_prob*consts*A*jacobian
/n/holylfs05/LABS/arguelles_delgado_lab/Everyone/jbook/atmospheric_HNL/get_hnl_integrals.py:128: RuntimeWarning: overflow encountered in double_scalars
  E = 10**logE
/n/holylfs05/LABS/arguelles_delgado_lab/Everyone/jbook/atmospheric_HNL/get_hnl_integrals.py:128: RuntimeWarning: overflow encountered in double_scalars
  E = 10**logE
/n/holylfs05/LABS/arguelles_delgado_lab/Everyone/jbook/atmospheric_HNL/get_hnl_integrals.py:135: RuntimeWarning: invalid value encountered in double_scalars
  return nutau_flux(E, cos_zenith)*survival_prob*consts*A*jacobian
/n/holylfs05/LABS/arguelles_delgado_lab/Everyone/jbook/atmospheric_HNL/get_hnl_integrals.py:128: RuntimeWarning: overflow encountered in double_scalars
  E = 10**logE
/n/holylfs05/LABS/arguelles_delgado_lab/Everyone/jbook/atmospheric_HNL/get_hnl_integrals.py:128: RuntimeWarning: overflow encountered in double_scalars
  E = 10**logE
/n/holylfs05/LABS/arguelles_delgado_lab/Everyone/jbook/atmospheric_HNL/get_hnl_integrals.py:135: RuntimeWarning: invalid value encountered in double_scalars
  return nutau_flux(E, cos_zenith)*survival_prob*consts*A*jacobian
/n/holylfs05/LABS/arguelles_delgado_lab/Everyone/jbook/atmospheric_HNL/get_hnl_integrals.py:128: RuntimeWarning: overflow encountered in double_scalars
  E = 10**logE
/n/holylfs05/LABS/arguelles_delgado_lab/Everyone/jbook/atmospheric_HNL/get_hnl_integrals.py:128: RuntimeWarning: overflow encountered in double_scalars
  E = 10**logE
/n/holylfs05/LABS/arguelles_delgado_lab/Everyone/jbook/atmospheric_HNL/get_hnl_integrals.py:135: RuntimeWarning: invalid value encountered in double_scalars
  return nutau_flux(E, cos_zenith)*survival_prob*consts*A*jacobian
/n/holylfs05/LABS/arguelles_delgado_lab/Everyone/jbook/atmospheric_HNL/get_hnl_integrals.py:128: RuntimeWarning: overflow encountered in double_scalars
  E = 10**logE
/n/holylfs05/LABS/arguelles_delgado_lab/Everyone/jbook/atmospheric_HNL/get_hnl_integrals.py:128: RuntimeWarning: overflow encountered in double_scalars
  E = 10**logE
/n/holylfs05/LABS/arguelles_delgado_lab/Everyone/jbook/atmospheric_HNL/get_hnl_integrals.py:135: RuntimeWarning: invalid value encountered in double_scalars
  return nutau_flux(E, cos_zenith)*survival_prob*consts*A*jacobian
/n/holylfs05/LABS/arguelles_delgado_lab/Everyone/jbook/atmospheric_HNL/get_hnl_integrals.py:128: RuntimeWarning: overflow encountered in double_scalars
  E = 10**logE
/n/holylfs05/LABS/arguelles_delgado_lab/Everyone/jbook/atmospheric_HNL/get_hnl_integrals.py:128: RuntimeWarning: overflow encountered in double_scalars
  E = 10**logE
/n/holylfs05/LABS/arguelles_delgado_lab/Everyone/jbook/atmospheric_HNL/get_hnl_integrals.py:135: RuntimeWarning: invalid value encountered in double_scalars
  return nutau_flux(E, cos_zenith)*survival_prob*consts*A*jacobian
/n/holylfs05/LABS/arguelles_delgado_lab/Everyone/jbook/atmospheric_HNL/get_hnl_integrals.py:128: RuntimeWarning: overflow encountered in double_scalars
  E = 10**logE
/n/holylfs05/LABS/arguelles_delgado_lab/Everyone/jbook/atmospheric_HNL/get_hnl_integrals.py:128: RuntimeWarning: overflow encountered in double_scalars
  E = 10**logE
/n/holylfs05/LABS/arguelles_delgado_lab/Everyone/jbook/atmospheric_HNL/get_hnl_integrals.py:135: RuntimeWarning: invalid value encountered in double_scalars
  return nutau_flux(E, cos_zenith)*survival_prob*consts*A*jacobian
/n/holylfs05/LABS/arguelles_delgado_lab/Everyone/jbook/atmospheric_HNL/get_hnl_integrals.py:128: RuntimeWarning: overflow encountered in double_scalars
  E = 10**logE
/n/holylfs05/LABS/arguelles_delgado_lab/Everyone/jbook/atmospheric_HNL/get_hnl_integrals.py:128: RuntimeWarning: overflow encountered in double_scalars
  E = 10**logE
/n/holylfs05/LABS/arguelles_delgado_lab/Everyone/jbook/atmospheric_HNL/get_hnl_integrals.py:135: RuntimeWarning: invalid value encountered in double_scalars
  return nutau_flux(E, cos_zenith)*survival_prob*consts*A*jacobian
/n/holylfs05/LABS/arguelles_delgado_lab/Everyone/jbook/atmospheric_HNL/get_hnl_integrals.py:128: RuntimeWarning: overflow encountered in double_scalars
  E = 10**logE
/n/holylfs05/LABS/arguelles_delgado_lab/Everyone/jbook/atmospheric_HNL/get_hnl_integrals.py:128: RuntimeWarning: overflow encountered in double_scalars
  E = 10**logE
/n/holylfs05/LABS/arguelles_delgado_lab/Everyone/jbook/atmospheric_HNL/get_hnl_integrals.py:135: RuntimeWarning: invalid value encountered in double_scalars
  return nutau_flux(E, cos_zenith)*survival_prob*consts*A*jacobian
/n/holylfs05/LABS/arguelles_delgado_lab/Everyone/jbook/atmospheric_HNL/get_hnl_integrals.py:128: RuntimeWarning: overflow encountered in double_scalars
  E = 10**logE
/n/holylfs05/LABS/arguelles_delgado_lab/Everyone/jbook/atmospheric_HNL/get_hnl_integrals.py:128: RuntimeWarning: overflow encountered in double_scalars
  E = 10**logE
/n/holylfs05/LABS/arguelles_delgado_lab/Everyone/jbook/atmospheric_HNL/get_hnl_integrals.py:135: RuntimeWarning: invalid value encountered in double_scalars
  return nutau_flux(E, cos_zenith)*survival_prob*consts*A*jacobian
/n/holylfs05/LABS/arguelles_delgado_lab/Everyone/jbook/atmospheric_HNL/get_hnl_integrals.py:128: RuntimeWarning: overflow encountered in double_scalars
  E = 10**logE
/n/holylfs05/LABS/arguelles_delgado_lab/Everyone/jbook/atmospheric_HNL/get_hnl_integrals.py:128: RuntimeWarning: overflow encountered in double_scalars
  E = 10**logE
/n/holylfs05/LABS/arguelles_delgado_lab/Everyone/jbook/atmospheric_HNL/get_hnl_integrals.py:135: RuntimeWarning: invalid value encountered in double_scalars
  return nutau_flux(E, cos_zenith)*survival_prob*consts*A*jacobian
/n/holylfs05/LABS/arguelles_delgado_lab/Everyone/jbook/atmospheric_HNL/get_hnl_integrals.py:128: RuntimeWarning: overflow encountered in double_scalars
  E = 10**logE
/n/holylfs05/LABS/arguelles_delgado_lab/Everyone/jbook/atmospheric_HNL/get_hnl_integrals.py:128: RuntimeWarning: overflow encountered in double_scalars
  E = 10**logE
/n/holylfs05/LABS/arguelles_delgado_lab/Everyone/jbook/atmospheric_HNL/get_hnl_integrals.py:135: RuntimeWarning: invalid value encountered in double_scalars
  return nutau_flux(E, cos_zenith)*survival_prob*consts*A*jacobian
/n/holylfs05/LABS/arguelles_delgado_lab/Everyone/jbook/atmospheric_HNL/get_hnl_integrals.py:128: RuntimeWarning: overflow encountered in double_scalars
  E = 10**logE
/n/holylfs05/LABS/arguelles_delgado_lab/Everyone/jbook/atmospheric_HNL/get_hnl_integrals.py:128: RuntimeWarning: overflow encountered in double_scalars
  E = 10**logE
/n/holylfs05/LABS/arguelles_delgado_lab/Everyone/jbook/atmospheric_HNL/get_hnl_integrals.py:135: RuntimeWarning: invalid value encountered in double_scalars
  return nutau_flux(E, cos_zenith)*survival_prob*consts*A*jacobian
/n/holylfs05/LABS/arguelles_delgado_lab/Everyone/jbook/atmospheric_HNL/get_hnl_integrals.py:128: RuntimeWarning: overflow encountered in double_scalars
  E = 10**logE
/n/holylfs05/LABS/arguelles_delgado_lab/Everyone/jbook/atmospheric_HNL/get_hnl_integrals.py:128: RuntimeWarning: overflow encountered in double_scalars
  E = 10**logE
/n/holylfs05/LABS/arguelles_delgado_lab/Everyone/jbook/atmospheric_HNL/get_hnl_integrals.py:135: RuntimeWarning: invalid value encountered in double_scalars
  return nutau_flux(E, cos_zenith)*survival_prob*consts*A*jacobian
/n/holylfs05/LABS/arguelles_delgado_lab/Everyone/jbook/atmospheric_HNL/get_hnl_integrals.py:128: RuntimeWarning: overflow encountered in double_scalars
  E = 10**logE
/n/holylfs05/LABS/arguelles_delgado_lab/Everyone/jbook/atmospheric_HNL/get_hnl_integrals.py:128: RuntimeWarning: overflow encountered in double_scalars
  E = 10**logE
/n/holylfs05/LABS/arguelles_delgado_lab/Everyone/jbook/atmospheric_HNL/get_hnl_integrals.py:135: RuntimeWarning: invalid value encountered in double_scalars
  return nutau_flux(E, cos_zenith)*survival_prob*consts*A*jacobian
/n/holylfs05/LABS/arguelles_delgado_lab/Everyone/jbook/atmospheric_HNL/get_hnl_integrals.py:128: RuntimeWarning: overflow encountered in double_scalars
  E = 10**logE
/n/holylfs05/LABS/arguelles_delgado_lab/Everyone/jbook/atmospheric_HNL/get_hnl_integrals.py:128: RuntimeWarning: overflow encountered in double_scalars
  E = 10**logE
/n/holylfs05/LABS/arguelles_delgado_lab/Everyone/jbook/atmospheric_HNL/get_hnl_integrals.py:135: RuntimeWarning: invalid value encountered in double_scalars
  return nutau_flux(E, cos_zenith)*survival_prob*consts*A*jacobian
/n/holylfs05/LABS/arguelles_delgado_lab/Everyone/jbook/atmospheric_HNL/get_hnl_integrals.py:128: RuntimeWarning: overflow encountered in double_scalars
  E = 10**logE
/n/holylfs05/LABS/arguelles_delgado_lab/Everyone/jbook/atmospheric_HNL/get_hnl_integrals.py:128: RuntimeWarning: overflow encountered in double_scalars
  E = 10**logE
/n/holylfs05/LABS/arguelles_delgado_lab/Everyone/jbook/atmospheric_HNL/get_hnl_integrals.py:135: RuntimeWarning: invalid value encountered in double_scalars
  return nutau_flux(E, cos_zenith)*survival_prob*consts*A*jacobian
/n/holylfs05/LABS/arguelles_delgado_lab/Everyone/jbook/atmospheric_HNL/get_hnl_integrals.py:128: RuntimeWarning: overflow encountered in double_scalars
  E = 10**logE
/n/holylfs05/LABS/arguelles_delgado_lab/Everyone/jbook/atmospheric_HNL/get_hnl_integrals.py:128: RuntimeWarning: overflow encountered in double_scalars
  E = 10**logE
/n/holylfs05/LABS/arguelles_delgado_lab/Everyone/jbook/atmospheric_HNL/get_hnl_integrals.py:135: RuntimeWarning: invalid value encountered in double_scalars
  return nutau_flux(E, cos_zenith)*survival_prob*consts*A*jacobian
/n/holylfs05/LABS/arguelles_delgado_lab/Everyone/jbook/atmospheric_HNL/get_hnl_integrals.py:128: RuntimeWarning: overflow encountered in double_scalars
  E = 10**logE
/n/holylfs05/LABS/arguelles_delgado_lab/Everyone/jbook/atmospheric_HNL/get_hnl_integrals.py:128: RuntimeWarning: overflow encountered in double_scalars
  E = 10**logE
/n/holylfs05/LABS/arguelles_delgado_lab/Everyone/jbook/atmospheric_HNL/get_hnl_integrals.py:135: RuntimeWarning: invalid value encountered in double_scalars
  return nutau_flux(E, cos_zenith)*survival_prob*consts*A*jacobian
/n/holylfs05/LABS/arguelles_delgado_lab/Everyone/jbook/atmospheric_HNL/get_hnl_integrals.py:128: RuntimeWarning: overflow encountered in double_scalars
  E = 10**logE
/n/holylfs05/LABS/arguelles_delgado_lab/Everyone/jbook/atmospheric_HNL/get_hnl_integrals.py:128: RuntimeWarning: overflow encountered in double_scalars
  E = 10**logE
/n/holylfs05/LABS/arguelles_delgado_lab/Everyone/jbook/atmospheric_HNL/get_hnl_integrals.py:135: RuntimeWarning: invalid value encountered in double_scalars
  return nutau_flux(E, cos_zenith)*survival_prob*consts*A*jacobian
/n/holylfs05/LABS/arguelles_delgado_lab/Everyone/jbook/atmospheric_HNL/get_hnl_integrals.py:128: RuntimeWarning: overflow encountered in double_scalars
  E = 10**logE
/n/holylfs05/LABS/arguelles_delgado_lab/Everyone/jbook/atmospheric_HNL/get_hnl_integrals.py:128: RuntimeWarning: overflow encountered in double_scalars
  E = 10**logE
/n/holylfs05/LABS/arguelles_delgado_lab/Everyone/jbook/atmospheric_HNL/get_hnl_integrals.py:135: RuntimeWarning: invalid value encountered in double_scalars
  return nutau_flux(E, cos_zenith)*survival_prob*consts*A*jacobian
/n/holylfs05/LABS/arguelles_delgado_lab/Everyone/jbook/atmospheric_HNL/get_hnl_integrals.py:128: RuntimeWarning: overflow encountered in double_scalars
  E = 10**logE
/n/holylfs05/LABS/arguelles_delgado_lab/Everyone/jbook/atmospheric_HNL/get_hnl_integrals.py:128: RuntimeWarning: overflow encountered in double_scalars
  E = 10**logE
/n/holylfs05/LABS/arguelles_delgado_lab/Everyone/jbook/atmospheric_HNL/get_hnl_integrals.py:135: RuntimeWarning: invalid value encountered in double_scalars
  return nutau_flux(E, cos_zenith)*survival_prob*consts*A*jacobian
/n/holylfs05/LABS/arguelles_delgado_lab/Everyone/jbook/atmospheric_HNL/get_hnl_integrals.py:128: RuntimeWarning: overflow encountered in double_scalars
  E = 10**logE
/n/holylfs05/LABS/arguelles_delgado_lab/Everyone/jbook/atmospheric_HNL/get_hnl_integrals.py:128: RuntimeWarning: overflow encountered in double_scalars
  E = 10**logE
/n/holylfs05/LABS/arguelles_delgado_lab/Everyone/jbook/atmospheric_HNL/get_hnl_integrals.py:135: RuntimeWarning: invalid value encountered in double_scalars
  return nutau_flux(E, cos_zenith)*survival_prob*consts*A*jacobian
/n/holylfs05/LABS/arguelles_delgado_lab/Everyone/jbook/atmospheric_HNL/get_hnl_integrals.py:128: RuntimeWarning: overflow encountered in double_scalars
  E = 10**logE
/n/holylfs05/LABS/arguelles_delgado_lab/Everyone/jbook/atmospheric_HNL/get_hnl_integrals.py:128: RuntimeWarning: overflow encountered in double_scalars
  E = 10**logE
/n/holylfs05/LABS/arguelles_delgado_lab/Everyone/jbook/atmospheric_HNL/get_hnl_integrals.py:135: RuntimeWarning: invalid value encountered in double_scalars
  return nutau_flux(E, cos_zenith)*survival_prob*consts*A*jacobian
/n/holylfs05/LABS/arguelles_delgado_lab/Everyone/jbook/atmospheric_HNL/get_hnl_integrals.py:128: RuntimeWarning: overflow encountered in double_scalars
  E = 10**logE
/n/holylfs05/LABS/arguelles_delgado_lab/Everyone/jbook/atmospheric_HNL/get_hnl_integrals.py:128: RuntimeWarning: overflow encountered in double_scalars
  E = 10**logE
/n/holylfs05/LABS/arguelles_delgado_lab/Everyone/jbook/atmospheric_HNL/get_hnl_integrals.py:135: RuntimeWarning: invalid value encountered in double_scalars
  return nutau_flux(E, cos_zenith)*survival_prob*consts*A*jacobian
/n/holylfs05/LABS/arguelles_delgado_lab/Everyone/jbook/atmospheric_HNL/get_hnl_integrals.py:128: RuntimeWarning: overflow encountered in double_scalars
  E = 10**logE
/n/holylfs05/LABS/arguelles_delgado_lab/Everyone/jbook/atmospheric_HNL/get_hnl_integrals.py:128: RuntimeWarning: overflow encountered in double_scalars
  E = 10**logE
/n/holylfs05/LABS/arguelles_delgado_lab/Everyone/jbook/atmospheric_HNL/get_hnl_integrals.py:135: RuntimeWarning: invalid value encountered in double_scalars
  return nutau_flux(E, cos_zenith)*survival_prob*consts*A*jacobian
/n/holylfs05/LABS/arguelles_delgado_lab/Everyone/jbook/atmospheric_HNL/get_hnl_integrals.py:128: RuntimeWarning: overflow encountered in double_scalars
  E = 10**logE
/n/holylfs05/LABS/arguelles_delgado_lab/Everyone/jbook/atmospheric_HNL/get_hnl_integrals.py:128: RuntimeWarning: overflow encountered in double_scalars
  E = 10**logE
/n/holylfs05/LABS/arguelles_delgado_lab/Everyone/jbook/atmospheric_HNL/get_hnl_integrals.py:135: RuntimeWarning: invalid value encountered in double_scalars
  return nutau_flux(E, cos_zenith)*survival_prob*consts*A*jacobian
/n/holylfs05/LABS/arguelles_delgado_lab/Everyone/jbook/atmospheric_HNL/get_hnl_integrals.py:128: RuntimeWarning: overflow encountered in double_scalars
  E = 10**logE
/n/holylfs05/LABS/arguelles_delgado_lab/Everyone/jbook/atmospheric_HNL/get_hnl_integrals.py:128: RuntimeWarning: overflow encountered in double_scalars
  E = 10**logE
/n/holylfs05/LABS/arguelles_delgado_lab/Everyone/jbook/atmospheric_HNL/get_hnl_integrals.py:135: RuntimeWarning: invalid value encountered in double_scalars
  return nutau_flux(E, cos_zenith)*survival_prob*consts*A*jacobian
/n/holylfs05/LABS/arguelles_delgado_lab/Everyone/jbook/atmospheric_HNL/get_hnl_integrals.py:128: RuntimeWarning: overflow encountered in double_scalars
  E = 10**logE
/n/holylfs05/LABS/arguelles_delgado_lab/Everyone/jbook/atmospheric_HNL/get_hnl_integrals.py:128: RuntimeWarning: overflow encountered in double_scalars
  E = 10**logE
/n/holylfs05/LABS/arguelles_delgado_lab/Everyone/jbook/atmospheric_HNL/get_hnl_integrals.py:135: RuntimeWarning: invalid value encountered in double_scalars
  return nutau_flux(E, cos_zenith)*survival_prob*consts*A*jacobian
/n/holylfs05/LABS/arguelles_delgado_lab/Everyone/jbook/atmospheric_HNL/get_hnl_integrals.py:128: RuntimeWarning: overflow encountered in double_scalars
  E = 10**logE
/n/holylfs05/LABS/arguelles_delgado_lab/Everyone/jbook/atmospheric_HNL/get_hnl_integrals.py:128: RuntimeWarning: overflow encountered in double_scalars
  E = 10**logE
/n/holylfs05/LABS/arguelles_delgado_lab/Everyone/jbook/atmospheric_HNL/get_hnl_integrals.py:135: RuntimeWarning: invalid value encountered in double_scalars
  return nutau_flux(E, cos_zenith)*survival_prob*consts*A*jacobian
/n/holylfs05/LABS/arguelles_delgado_lab/Everyone/jbook/atmospheric_HNL/get_hnl_integrals.py:128: RuntimeWarning: overflow encountered in double_scalars
  E = 10**logE
/n/holylfs05/LABS/arguelles_delgado_lab/Everyone/jbook/atmospheric_HNL/get_hnl_integrals.py:128: RuntimeWarning: overflow encountered in double_scalars
  E = 10**logE
/n/holylfs05/LABS/arguelles_delgado_lab/Everyone/jbook/atmospheric_HNL/get_hnl_integrals.py:135: RuntimeWarning: invalid value encountered in double_scalars
  return nutau_flux(E, cos_zenith)*survival_prob*consts*A*jacobian
/n/holylfs05/LABS/arguelles_delgado_lab/Everyone/jbook/atmospheric_HNL/get_hnl_integrals.py:128: RuntimeWarning: overflow encountered in double_scalars
  E = 10**logE
/n/holylfs05/LABS/arguelles_delgado_lab/Everyone/jbook/atmospheric_HNL/get_hnl_integrals.py:128: RuntimeWarning: overflow encountered in double_scalars
  E = 10**logE
/n/holylfs05/LABS/arguelles_delgado_lab/Everyone/jbook/atmospheric_HNL/get_hnl_integrals.py:135: RuntimeWarning: invalid value encountered in double_scalars
  return nutau_flux(E, cos_zenith)*survival_prob*consts*A*jacobian
/n/holylfs05/LABS/arguelles_delgado_lab/Everyone/jbook/atmospheric_HNL/get_hnl_integrals.py:128: RuntimeWarning: overflow encountered in double_scalars
  E = 10**logE
/n/holylfs05/LABS/arguelles_delgado_lab/Everyone/jbook/atmospheric_HNL/get_hnl_integrals.py:128: RuntimeWarning: overflow encountered in double_scalars
  E = 10**logE
/n/holylfs05/LABS/arguelles_delgado_lab/Everyone/jbook/atmospheric_HNL/get_hnl_integrals.py:135: RuntimeWarning: invalid value encountered in double_scalars
  return nutau_flux(E, cos_zenith)*survival_prob*consts*A*jacobian
/n/holylfs05/LABS/arguelles_delgado_lab/Everyone/jbook/atmospheric_HNL/get_hnl_integrals.py:128: RuntimeWarning: overflow encountered in double_scalars
  E = 10**logE
/n/holylfs05/LABS/arguelles_delgado_lab/Everyone/jbook/atmospheric_HNL/get_hnl_integrals.py:128: RuntimeWarning: overflow encountered in double_scalars
  E = 10**logE
/n/holylfs05/LABS/arguelles_delgado_lab/Everyone/jbook/atmospheric_HNL/get_hnl_integrals.py:135: RuntimeWarning: invalid value encountered in double_scalars
  return nutau_flux(E, cos_zenith)*survival_prob*consts*A*jacobian
/n/holylfs05/LABS/arguelles_delgado_lab/Everyone/jbook/atmospheric_HNL/get_hnl_integrals.py:128: RuntimeWarning: overflow encountered in double_scalars
  E = 10**logE
/n/holylfs05/LABS/arguelles_delgado_lab/Everyone/jbook/atmospheric_HNL/get_hnl_integrals.py:128: RuntimeWarning: overflow encountered in double_scalars
  E = 10**logE
/n/holylfs05/LABS/arguelles_delgado_lab/Everyone/jbook/atmospheric_HNL/get_hnl_integrals.py:135: RuntimeWarning: invalid value encountered in double_scalars
  return nutau_flux(E, cos_zenith)*survival_prob*consts*A*jacobian
/n/holylfs05/LABS/arguelles_delgado_lab/Everyone/jbook/atmospheric_HNL/get_hnl_integrals.py:128: RuntimeWarning: overflow encountered in double_scalars
  E = 10**logE
/n/holylfs05/LABS/arguelles_delgado_lab/Everyone/jbook/atmospheric_HNL/get_hnl_integrals.py:128: RuntimeWarning: overflow encountered in double_scalars
  E = 10**logE
/n/holylfs05/LABS/arguelles_delgado_lab/Everyone/jbook/atmospheric_HNL/get_hnl_integrals.py:135: RuntimeWarning: invalid value encountered in double_scalars
  return nutau_flux(E, cos_zenith)*survival_prob*consts*A*jacobian
/n/holylfs05/LABS/arguelles_delgado_lab/Everyone/jbook/atmospheric_HNL/get_hnl_integrals.py:128: RuntimeWarning: overflow encountered in double_scalars
  E = 10**logE
/n/holylfs05/LABS/arguelles_delgado_lab/Everyone/jbook/atmospheric_HNL/get_hnl_integrals.py:128: RuntimeWarning: overflow encountered in double_scalars
  E = 10**logE
/n/holylfs05/LABS/arguelles_delgado_lab/Everyone/jbook/atmospheric_HNL/get_hnl_integrals.py:135: RuntimeWarning: invalid value encountered in double_scalars
  return nutau_flux(E, cos_zenith)*survival_prob*consts*A*jacobian
/n/holylfs05/LABS/arguelles_delgado_lab/Everyone/jbook/atmospheric_HNL/get_hnl_integrals.py:128: RuntimeWarning: overflow encountered in double_scalars
  E = 10**logE
/n/holylfs05/LABS/arguelles_delgado_lab/Everyone/jbook/atmospheric_HNL/get_hnl_integrals.py:128: RuntimeWarning: overflow encountered in double_scalars
  E = 10**logE
/n/holylfs05/LABS/arguelles_delgado_lab/Everyone/jbook/atmospheric_HNL/get_hnl_integrals.py:135: RuntimeWarning: invalid value encountered in double_scalars
  return nutau_flux(E, cos_zenith)*survival_prob*consts*A*jacobian
/n/holylfs05/LABS/arguelles_delgado_lab/Everyone/jbook/atmospheric_HNL/get_hnl_integrals.py:128: RuntimeWarning: overflow encountered in double_scalars
  E = 10**logE
/n/holylfs05/LABS/arguelles_delgado_lab/Everyone/jbook/atmospheric_HNL/get_hnl_integrals.py:128: RuntimeWarning: overflow encountered in double_scalars
  E = 10**logE
/n/holylfs05/LABS/arguelles_delgado_lab/Everyone/jbook/atmospheric_HNL/get_hnl_integrals.py:135: RuntimeWarning: invalid value encountered in double_scalars
  return nutau_flux(E, cos_zenith)*survival_prob*consts*A*jacobian
/n/holylfs05/LABS/arguelles_delgado_lab/Everyone/jbook/atmospheric_HNL/get_hnl_integrals.py:128: RuntimeWarning: overflow encountered in double_scalars
  E = 10**logE
/n/holylfs05/LABS/arguelles_delgado_lab/Everyone/jbook/atmospheric_HNL/get_hnl_integrals.py:128: RuntimeWarning: overflow encountered in double_scalars
  E = 10**logE
/n/holylfs05/LABS/arguelles_delgado_lab/Everyone/jbook/atmospheric_HNL/get_hnl_integrals.py:135: RuntimeWarning: invalid value encountered in double_scalars
  return nutau_flux(E, cos_zenith)*survival_prob*consts*A*jacobian
/n/holylfs05/LABS/arguelles_delgado_lab/Everyone/jbook/atmospheric_HNL/get_hnl_integrals.py:128: RuntimeWarning: overflow encountered in double_scalars
  E = 10**logE
/n/holylfs05/LABS/arguelles_delgado_lab/Everyone/jbook/atmospheric_HNL/get_hnl_integrals.py:128: RuntimeWarning: overflow encountered in double_scalars
  E = 10**logE
/n/holylfs05/LABS/arguelles_delgado_lab/Everyone/jbook/atmospheric_HNL/get_hnl_integrals.py:135: RuntimeWarning: invalid value encountered in double_scalars
  return nutau_flux(E, cos_zenith)*survival_prob*consts*A*jacobian
/n/holylfs05/LABS/arguelles_delgado_lab/Everyone/jbook/atmospheric_HNL/get_hnl_integrals.py:128: RuntimeWarning: overflow encountered in double_scalars
  E = 10**logE
multiprocessing.pool.RemoteTraceback: 
"""
Traceback (most recent call last):
  File "/cvmfs/icecube.opensciencegrid.org/py3-v4.1.1/RHEL_8_x86_64/lib/python3.7/multiprocessing/pool.py", line 121, in worker
    result = (True, func(*args, **kwds))
  File "/cvmfs/icecube.opensciencegrid.org/py3-v4.1.1/RHEL_8_x86_64/lib/python3.7/multiprocessing/pool.py", line 44, in mapstar
    return list(map(*args))
  File "/n/holylfs05/LABS/arguelles_delgado_lab/Everyone/jbook/atmospheric_HNL/get_hnl_integrals.py", line 167, in compute_event
    result_incident = integ(part_func, nitn=10, neval=1000)
  File "src/vegas/_vegas.pyx", line 2014, in vegas._vegas.Integrator.__call__
ValueError: integrand evaluates to nan
"""

The above exception was the direct cause of the following exception:

Traceback (most recent call last):
  File "/n/holylfs05/LABS/arguelles_delgado_lab/Everyone/jbook/atmospheric_HNL/get_hnl_integrals.py", line 189, in <module>
    results = pool.map(compute_event, param_list)
  File "/cvmfs/icecube.opensciencegrid.org/py3-v4.1.1/RHEL_8_x86_64/lib/python3.7/multiprocessing/pool.py", line 268, in map
    return self._map_async(func, iterable, mapstar, chunksize).get()
  File "/cvmfs/icecube.opensciencegrid.org/py3-v4.1.1/RHEL_8_x86_64/lib/python3.7/multiprocessing/pool.py", line 657, in get
    raise self._value
ValueError: integrand evaluates to nan
